<?xml version="1.0" encoding="UTF-8"?>
<testsuite name="practical1.NumberToolsTest" tests="2" skipped="0" failures="0" errors="0" timestamp="2022-10-02T12:10:46" hostname="davids-laptop" time="0.055">
  <properties/>
  <testcase name="testParse" classname="practical1.NumberToolsTest" time="0.016"/>
  <testcase name="testComputeStatistic" classname="practical1.NumberToolsTest" time="0.038"/>
  <system-out><![CDATA[]]></system-out>
  <system-err><![CDATA[]]></system-err>
</testsuite>
